<?xml version="1.0" encoding="UTF-8"?>
<testng-results skipped="0" failed="4" ignored="0" total="30" passed="26">
  <reporter-output>
  </reporter-output>
  <suite name="SUITE_1" duration-ms="292703" started-at="2020-10-07T07:45:58Z" finished-at="2020-10-07T07:50:51Z">
    <groups>
    </groups>
    <test name="TC_1_SearchTest" duration-ms="292703" started-at="2020-10-07T07:45:58Z" finished-at="2020-10-07T07:50:51Z">
      <class name="com.google.search.test.SearchTest">
        <test-method status="PASS" signature="setup()[pri:0, instance:com.google.search.test.SearchTest@148080bb]" name="setup" duration-ms="14781" started-at="2020-10-07T07:45:58Z" finished-at="2020-10-07T07:46:13Z">
          <reporter-output>
          </reporter-output>
        </test-method> <!-- setup -->
        <test-method status="PASS" signature="search()[pri:0, instance:com.google.search.test.SearchTest@148080bb]" name="search" duration-ms="3009" started-at="2020-10-07T07:46:13Z" finished-at="2020-10-07T07:46:16Z">
          <reporter-output>
          </reporter-output>
        </test-method> <!-- search -->
        <test-method status="FAIL" signature="clickElementSearched()[pri:0, instance:com.google.search.test.SearchTest@148080bb]" name="clickElementSearched" duration-ms="30082" started-at="2020-10-07T07:46:16Z" finished-at="2020-10-07T07:46:46Z">
          <exception class="java.lang.AssertionError">
            <message>
              <![CDATA[First element   expected [] but found [The Name of the Wind - Wikipedia]]]>
            </message>
            <full-stacktrace>
              <![CDATA[java.lang.AssertionError: First element   expected [] but found [The Name of the Wind - Wikipedia]
at org.testng.Assert.fail(Assert.java:96)
at org.testng.Assert.failNotEquals(Assert.java:776)
at org.testng.Assert.assertEqualsImpl(Assert.java:137)
at org.testng.Assert.assertEquals(Assert.java:118)
at org.testng.Assert.assertEquals(Assert.java:453)
at com.google.search.test.SearchTest.clickElementSearched(SearchTest.java:93)
at sun.reflect.NativeMethodAccessorImpl.invoke0(Native Method)
at sun.reflect.NativeMethodAccessorImpl.invoke(NativeMethodAccessorImpl.java:62)
at sun.reflect.DelegatingMethodAccessorImpl.invoke(DelegatingMethodAccessorImpl.java:43)
at java.lang.reflect.Method.invoke(Method.java:498)
at org.testng.internal.MethodInvocationHelper.invokeMethod(MethodInvocationHelper.java:124)
at org.testng.internal.Invoker.invokeMethod(Invoker.java:583)
at org.testng.internal.Invoker.invokeTestMethod(Invoker.java:719)
at org.testng.internal.Invoker.invokeTestMethods(Invoker.java:989)
at org.testng.internal.TestMethodWorker.invokeTestMethods(TestMethodWorker.java:125)
at org.testng.internal.TestMethodWorker.run(TestMethodWorker.java:109)
at org.testng.TestRunner.privateRun(TestRunner.java:648)
at org.testng.TestRunner.run(TestRunner.java:505)
at org.testng.SuiteRunner.runTest(SuiteRunner.java:455)
at org.testng.SuiteRunner.runSequentially(SuiteRunner.java:450)
at org.testng.SuiteRunner.privateRun(SuiteRunner.java:415)
at org.testng.SuiteRunner.run(SuiteRunner.java:364)
at org.testng.SuiteRunnerWorker.runSuite(SuiteRunnerWorker.java:52)
at org.testng.SuiteRunnerWorker.run(SuiteRunnerWorker.java:84)
at org.testng.TestNG.runSuitesSequentially(TestNG.java:1208)
at org.testng.TestNG.runSuitesLocally(TestNG.java:1137)
at org.testng.TestNG.runSuites(TestNG.java:1049)
at org.testng.TestNG.run(TestNG.java:1017)
at org.apache.maven.surefire.testng.TestNGExecutor.run(TestNGExecutor.java:284)
at org.apache.maven.surefire.testng.TestNGXmlTestSuite.execute(TestNGXmlTestSuite.java:75)
at org.apache.maven.surefire.testng.TestNGProvider.invoke(TestNGProvider.java:119)
at org.apache.maven.surefire.booter.ForkedBooter.runSuitesInProcess(ForkedBooter.java:428)
at org.apache.maven.surefire.booter.ForkedBooter.execute(ForkedBooter.java:162)
at org.apache.maven.surefire.booter.ForkedBooter.run(ForkedBooter.java:562)
at org.apache.maven.surefire.booter.ForkedBooter.main(ForkedBooter.java:548)
]]>
            </full-stacktrace>
          </exception> <!-- java.lang.AssertionError -->
          <reporter-output>
          </reporter-output>
        </test-method> <!-- clickElementSearched -->
        <test-method status="PASS" signature="clickAuthor()[pri:0, instance:com.google.search.test.SearchTest@148080bb]" name="clickAuthor" duration-ms="15772" started-at="2020-10-07T07:46:46Z" finished-at="2020-10-07T07:47:02Z">
          <reporter-output>
          </reporter-output>
        </test-method> <!-- clickAuthor -->
        <test-method status="PASS" signature="stopAllDrivers()[pri:0, instance:com.google.search.test.SearchTest@148080bb]" name="stopAllDrivers" duration-ms="1092" started-at="2020-10-07T07:47:02Z" finished-at="2020-10-07T07:47:03Z">
          <reporter-output>
          </reporter-output>
        </test-method> <!-- stopAllDrivers -->
        <test-method status="PASS" signature="setup()[pri:0, instance:com.google.search.test.SearchTest@192b07fd]" name="setup" duration-ms="9907" started-at="2020-10-07T07:47:03Z" finished-at="2020-10-07T07:47:13Z">
          <reporter-output>
          </reporter-output>
        </test-method> <!-- setup -->
        <test-method status="PASS" signature="search()[pri:0, instance:com.google.search.test.SearchTest@192b07fd]" name="search" duration-ms="6406" started-at="2020-10-07T07:47:13Z" finished-at="2020-10-07T07:47:19Z">
          <reporter-output>
          </reporter-output>
        </test-method> <!-- search -->
        <test-method status="FAIL" signature="clickElementSearched()[pri:0, instance:com.google.search.test.SearchTest@192b07fd]" name="clickElementSearched" duration-ms="2780" started-at="2020-10-07T07:47:19Z" finished-at="2020-10-07T07:47:22Z">
          <exception class="java.lang.AssertionError">
            <message>
              <![CDATA[First element   expected [The Name of the Wind - Wikipedia] but found [The Name of the Wind - Patrick Rothfuss]]]>
            </message>
            <full-stacktrace>
              <![CDATA[java.lang.AssertionError: First element   expected [The Name of the Wind - Wikipedia] but found [The Name of the Wind - Patrick Rothfuss]
at org.testng.Assert.fail(Assert.java:96)
at org.testng.Assert.failNotEquals(Assert.java:776)
at org.testng.Assert.assertEqualsImpl(Assert.java:137)
at org.testng.Assert.assertEquals(Assert.java:118)
at org.testng.Assert.assertEquals(Assert.java:453)
at com.google.search.test.SearchTest.clickElementSearched(SearchTest.java:93)
at sun.reflect.NativeMethodAccessorImpl.invoke0(Native Method)
at sun.reflect.NativeMethodAccessorImpl.invoke(NativeMethodAccessorImpl.java:62)
at sun.reflect.DelegatingMethodAccessorImpl.invoke(DelegatingMethodAccessorImpl.java:43)
at java.lang.reflect.Method.invoke(Method.java:498)
at org.testng.internal.MethodInvocationHelper.invokeMethod(MethodInvocationHelper.java:124)
at org.testng.internal.Invoker.invokeMethod(Invoker.java:583)
at org.testng.internal.Invoker.invokeTestMethod(Invoker.java:719)
at org.testng.internal.Invoker.invokeTestMethods(Invoker.java:989)
at org.testng.internal.TestMethodWorker.invokeTestMethods(TestMethodWorker.java:125)
at org.testng.internal.TestMethodWorker.run(TestMethodWorker.java:109)
at org.testng.TestRunner.privateRun(TestRunner.java:648)
at org.testng.TestRunner.run(TestRunner.java:505)
at org.testng.SuiteRunner.runTest(SuiteRunner.java:455)
at org.testng.SuiteRunner.runSequentially(SuiteRunner.java:450)
at org.testng.SuiteRunner.privateRun(SuiteRunner.java:415)
at org.testng.SuiteRunner.run(SuiteRunner.java:364)
at org.testng.SuiteRunnerWorker.runSuite(SuiteRunnerWorker.java:52)
at org.testng.SuiteRunnerWorker.run(SuiteRunnerWorker.java:84)
at org.testng.TestNG.runSuitesSequentially(TestNG.java:1208)
at org.testng.TestNG.runSuitesLocally(TestNG.java:1137)
at org.testng.TestNG.runSuites(TestNG.java:1049)
at org.testng.TestNG.run(TestNG.java:1017)
at org.apache.maven.surefire.testng.TestNGExecutor.run(TestNGExecutor.java:284)
at org.apache.maven.surefire.testng.TestNGXmlTestSuite.execute(TestNGXmlTestSuite.java:75)
at org.apache.maven.surefire.testng.TestNGProvider.invoke(TestNGProvider.java:119)
at org.apache.maven.surefire.booter.ForkedBooter.runSuitesInProcess(ForkedBooter.java:428)
at org.apache.maven.surefire.booter.ForkedBooter.execute(ForkedBooter.java:162)
at org.apache.maven.surefire.booter.ForkedBooter.run(ForkedBooter.java:562)
at org.apache.maven.surefire.booter.ForkedBooter.main(ForkedBooter.java:548)
]]>
            </full-stacktrace>
          </exception> <!-- java.lang.AssertionError -->
          <reporter-output>
          </reporter-output>
        </test-method> <!-- clickElementSearched -->
        <test-method status="PASS" signature="clickAuthor()[pri:0, instance:com.google.search.test.SearchTest@192b07fd]" name="clickAuthor" duration-ms="15054" started-at="2020-10-07T07:47:22Z" finished-at="2020-10-07T07:47:37Z">
          <reporter-output>
          </reporter-output>
        </test-method> <!-- clickAuthor -->
        <test-method status="PASS" signature="stopAllDrivers()[pri:0, instance:com.google.search.test.SearchTest@192b07fd]" name="stopAllDrivers" duration-ms="1287" started-at="2020-10-07T07:47:37Z" finished-at="2020-10-07T07:47:38Z">
          <reporter-output>
          </reporter-output>
        </test-method> <!-- stopAllDrivers -->
        <test-method status="PASS" signature="setup()[pri:0, instance:com.google.search.test.SearchTest@20322d26]" name="setup" duration-ms="10030" started-at="2020-10-07T07:47:38Z" finished-at="2020-10-07T07:47:48Z">
          <reporter-output>
          </reporter-output>
        </test-method> <!-- setup -->
        <test-method status="PASS" signature="search()[pri:0, instance:com.google.search.test.SearchTest@20322d26]" name="search" duration-ms="2365" started-at="2020-10-07T07:47:48Z" finished-at="2020-10-07T07:47:51Z">
          <reporter-output>
          </reporter-output>
        </test-method> <!-- search -->
        <test-method status="FAIL" signature="clickElementSearched()[pri:0, instance:com.google.search.test.SearchTest@20322d26]" name="clickElementSearched" duration-ms="5269" started-at="2020-10-07T07:47:51Z" finished-at="2020-10-07T07:47:56Z">
          <exception class="java.lang.AssertionError">
            <message>
              <![CDATA[First element   expected [The Name of the Wind - Wikipedia] but found [The Name of the Wind - Patrick Rothfuss]]]>
            </message>
            <full-stacktrace>
              <![CDATA[java.lang.AssertionError: First element   expected [The Name of the Wind - Wikipedia] but found [The Name of the Wind - Patrick Rothfuss]
at org.testng.Assert.fail(Assert.java:96)
at org.testng.Assert.failNotEquals(Assert.java:776)
at org.testng.Assert.assertEqualsImpl(Assert.java:137)
at org.testng.Assert.assertEquals(Assert.java:118)
at org.testng.Assert.assertEquals(Assert.java:453)
at com.google.search.test.SearchTest.clickElementSearched(SearchTest.java:93)
at sun.reflect.NativeMethodAccessorImpl.invoke0(Native Method)
at sun.reflect.NativeMethodAccessorImpl.invoke(NativeMethodAccessorImpl.java:62)
at sun.reflect.DelegatingMethodAccessorImpl.invoke(DelegatingMethodAccessorImpl.java:43)
at java.lang.reflect.Method.invoke(Method.java:498)
at org.testng.internal.MethodInvocationHelper.invokeMethod(MethodInvocationHelper.java:124)
at org.testng.internal.Invoker.invokeMethod(Invoker.java:583)
at org.testng.internal.Invoker.invokeTestMethod(Invoker.java:719)
at org.testng.internal.Invoker.invokeTestMethods(Invoker.java:989)
at org.testng.internal.TestMethodWorker.invokeTestMethods(TestMethodWorker.java:125)
at org.testng.internal.TestMethodWorker.run(TestMethodWorker.java:109)
at org.testng.TestRunner.privateRun(TestRunner.java:648)
at org.testng.TestRunner.run(TestRunner.java:505)
at org.testng.SuiteRunner.runTest(SuiteRunner.java:455)
at org.testng.SuiteRunner.runSequentially(SuiteRunner.java:450)
at org.testng.SuiteRunner.privateRun(SuiteRunner.java:415)
at org.testng.SuiteRunner.run(SuiteRunner.java:364)
at org.testng.SuiteRunnerWorker.runSuite(SuiteRunnerWorker.java:52)
at org.testng.SuiteRunnerWorker.run(SuiteRunnerWorker.java:84)
at org.testng.TestNG.runSuitesSequentially(TestNG.java:1208)
at org.testng.TestNG.runSuitesLocally(TestNG.java:1137)
at org.testng.TestNG.runSuites(TestNG.java:1049)
at org.testng.TestNG.run(TestNG.java:1017)
at org.apache.maven.surefire.testng.TestNGExecutor.run(TestNGExecutor.java:284)
at org.apache.maven.surefire.testng.TestNGXmlTestSuite.execute(TestNGXmlTestSuite.java:75)
at org.apache.maven.surefire.testng.TestNGProvider.invoke(TestNGProvider.java:119)
at org.apache.maven.surefire.booter.ForkedBooter.runSuitesInProcess(ForkedBooter.java:428)
at org.apache.maven.surefire.booter.ForkedBooter.execute(ForkedBooter.java:162)
at org.apache.maven.surefire.booter.ForkedBooter.run(ForkedBooter.java:562)
at org.apache.maven.surefire.booter.ForkedBooter.main(ForkedBooter.java:548)
]]>
            </full-stacktrace>
          </exception> <!-- java.lang.AssertionError -->
          <reporter-output>
          </reporter-output>
        </test-method> <!-- clickElementSearched -->
        <test-method status="PASS" signature="clickAuthor()[pri:0, instance:com.google.search.test.SearchTest@20322d26]" name="clickAuthor" duration-ms="15089" started-at="2020-10-07T07:47:56Z" finished-at="2020-10-07T07:48:11Z">
          <reporter-output>
          </reporter-output>
        </test-method> <!-- clickAuthor -->
        <test-method status="PASS" signature="stopAllDrivers()[pri:0, instance:com.google.search.test.SearchTest@20322d26]" name="stopAllDrivers" duration-ms="1230" started-at="2020-10-07T07:48:11Z" finished-at="2020-10-07T07:48:12Z">
          <reporter-output>
          </reporter-output>
        </test-method> <!-- stopAllDrivers -->
        <test-method status="PASS" signature="setup()[pri:0, instance:com.google.search.test.SearchTest@55d56113]" name="setup" duration-ms="9426" started-at="2020-10-07T07:48:12Z" finished-at="2020-10-07T07:48:22Z">
          <reporter-output>
          </reporter-output>
        </test-method> <!-- setup -->
        <test-method status="PASS" signature="search()[pri:0, instance:com.google.search.test.SearchTest@55d56113]" name="search" duration-ms="33029" started-at="2020-10-07T07:48:22Z" finished-at="2020-10-07T07:48:55Z">
          <reporter-output>
          </reporter-output>
        </test-method> <!-- search -->
        <test-method status="FAIL" signature="clickElementSearched()[pri:0, instance:com.google.search.test.SearchTest@55d56113]" name="clickElementSearched" duration-ms="30995" started-at="2020-10-07T07:48:55Z" finished-at="2020-10-07T07:49:26Z">
          <exception class="java.lang.AssertionError">
            <message>
              <![CDATA[First element   expected [] but found [The Name of the Wind - Wikipedia]]]>
            </message>
            <full-stacktrace>
              <![CDATA[java.lang.AssertionError: First element   expected [] but found [The Name of the Wind - Wikipedia]
at org.testng.Assert.fail(Assert.java:96)
at org.testng.Assert.failNotEquals(Assert.java:776)
at org.testng.Assert.assertEqualsImpl(Assert.java:137)
at org.testng.Assert.assertEquals(Assert.java:118)
at org.testng.Assert.assertEquals(Assert.java:453)
at com.google.search.test.SearchTest.clickElementSearched(SearchTest.java:93)
at sun.reflect.NativeMethodAccessorImpl.invoke0(Native Method)
at sun.reflect.NativeMethodAccessorImpl.invoke(NativeMethodAccessorImpl.java:62)
at sun.reflect.DelegatingMethodAccessorImpl.invoke(DelegatingMethodAccessorImpl.java:43)
at java.lang.reflect.Method.invoke(Method.java:498)
at org.testng.internal.MethodInvocationHelper.invokeMethod(MethodInvocationHelper.java:124)
at org.testng.internal.Invoker.invokeMethod(Invoker.java:583)
at org.testng.internal.Invoker.invokeTestMethod(Invoker.java:719)
at org.testng.internal.Invoker.invokeTestMethods(Invoker.java:989)
at org.testng.internal.TestMethodWorker.invokeTestMethods(TestMethodWorker.java:125)
at org.testng.internal.TestMethodWorker.run(TestMethodWorker.java:109)
at org.testng.TestRunner.privateRun(TestRunner.java:648)
at org.testng.TestRunner.run(TestRunner.java:505)
at org.testng.SuiteRunner.runTest(SuiteRunner.java:455)
at org.testng.SuiteRunner.runSequentially(SuiteRunner.java:450)
at org.testng.SuiteRunner.privateRun(SuiteRunner.java:415)
at org.testng.SuiteRunner.run(SuiteRunner.java:364)
at org.testng.SuiteRunnerWorker.runSuite(SuiteRunnerWorker.java:52)
at org.testng.SuiteRunnerWorker.run(SuiteRunnerWorker.java:84)
at org.testng.TestNG.runSuitesSequentially(TestNG.java:1208)
at org.testng.TestNG.runSuitesLocally(TestNG.java:1137)
at org.testng.TestNG.runSuites(TestNG.java:1049)
at org.testng.TestNG.run(TestNG.java:1017)
at org.apache.maven.surefire.testng.TestNGExecutor.run(TestNGExecutor.java:284)
at org.apache.maven.surefire.testng.TestNGXmlTestSuite.execute(TestNGXmlTestSuite.java:75)
at org.apache.maven.surefire.testng.TestNGProvider.invoke(TestNGProvider.java:119)
at org.apache.maven.surefire.booter.ForkedBooter.runSuitesInProcess(ForkedBooter.java:428)
at org.apache.maven.surefire.booter.ForkedBooter.execute(ForkedBooter.java:162)
at org.apache.maven.surefire.booter.ForkedBooter.run(ForkedBooter.java:562)
at org.apache.maven.surefire.booter.ForkedBooter.main(ForkedBooter.java:548)
]]>
            </full-stacktrace>
          </exception> <!-- java.lang.AssertionError -->
          <reporter-output>
          </reporter-output>
        </test-method> <!-- clickElementSearched -->
        <test-method status="PASS" signature="clickAuthor()[pri:0, instance:com.google.search.test.SearchTest@55d56113]" name="clickAuthor" duration-ms="15458" started-at="2020-10-07T07:49:26Z" finished-at="2020-10-07T07:49:41Z">
          <reporter-output>
          </reporter-output>
        </test-method> <!-- clickAuthor -->
        <test-method status="PASS" signature="stopAllDrivers()[pri:0, instance:com.google.search.test.SearchTest@55d56113]" name="stopAllDrivers" duration-ms="1049" started-at="2020-10-07T07:49:41Z" finished-at="2020-10-07T07:49:42Z">
          <reporter-output>
          </reporter-output>
        </test-method> <!-- stopAllDrivers -->
        <test-method status="PASS" signature="setup()[pri:0, instance:com.google.search.test.SearchTest@64bf3bbf]" name="setup" duration-ms="8794" started-at="2020-10-07T07:49:42Z" finished-at="2020-10-07T07:49:51Z">
          <reporter-output>
          </reporter-output>
        </test-method> <!-- setup -->
        <test-method status="PASS" signature="search()[pri:0, instance:com.google.search.test.SearchTest@64bf3bbf]" name="search" duration-ms="6102" started-at="2020-10-07T07:49:51Z" finished-at="2020-10-07T07:49:57Z">
          <reporter-output>
          </reporter-output>
        </test-method> <!-- search -->
        <test-method status="PASS" signature="clickElementSearched()[pri:0, instance:com.google.search.test.SearchTest@64bf3bbf]" name="clickElementSearched" duration-ms="2825" started-at="2020-10-07T07:49:57Z" finished-at="2020-10-07T07:50:00Z">
          <reporter-output>
          </reporter-output>
        </test-method> <!-- clickElementSearched -->
        <test-method status="PASS" signature="clickAuthor()[pri:0, instance:com.google.search.test.SearchTest@64bf3bbf]" name="clickAuthor" duration-ms="15816" started-at="2020-10-07T07:50:00Z" finished-at="2020-10-07T07:50:16Z">
          <reporter-output>
          </reporter-output>
        </test-method> <!-- clickAuthor -->
        <test-method status="PASS" signature="stopAllDrivers()[pri:0, instance:com.google.search.test.SearchTest@64bf3bbf]" name="stopAllDrivers" duration-ms="1251" started-at="2020-10-07T07:50:16Z" finished-at="2020-10-07T07:50:17Z">
          <reporter-output>
          </reporter-output>
        </test-method> <!-- stopAllDrivers -->
        <test-method status="PASS" signature="setup()[pri:0, instance:com.google.search.test.SearchTest@64bfbc86]" name="setup" duration-ms="10289" started-at="2020-10-07T07:50:17Z" finished-at="2020-10-07T07:50:27Z">
          <reporter-output>
          </reporter-output>
        </test-method> <!-- setup -->
        <test-method status="PASS" signature="search()[pri:0, instance:com.google.search.test.SearchTest@64bfbc86]" name="search" duration-ms="2338" started-at="2020-10-07T07:50:27Z" finished-at="2020-10-07T07:50:30Z">
          <reporter-output>
          </reporter-output>
        </test-method> <!-- search -->
        <test-method status="PASS" signature="clickElementSearched()[pri:0, instance:com.google.search.test.SearchTest@64bfbc86]" name="clickElementSearched" duration-ms="3875" started-at="2020-10-07T07:50:30Z" finished-at="2020-10-07T07:50:33Z">
          <reporter-output>
          </reporter-output>
        </test-method> <!-- clickElementSearched -->
        <test-method status="PASS" signature="clickAuthor()[pri:0, instance:com.google.search.test.SearchTest@64bfbc86]" name="clickAuthor" duration-ms="15503" started-at="2020-10-07T07:50:33Z" finished-at="2020-10-07T07:50:49Z">
          <reporter-output>
          </reporter-output>
        </test-method> <!-- clickAuthor -->
        <test-method status="PASS" signature="stopAllDrivers()[pri:0, instance:com.google.search.test.SearchTest@64bfbc86]" name="stopAllDrivers" duration-ms="1715" started-at="2020-10-07T07:50:49Z" finished-at="2020-10-07T07:50:51Z">
          <reporter-output>
          </reporter-output>
        </test-method> <!-- stopAllDrivers -->
      </class> <!-- com.google.search.test.SearchTest -->
    </test> <!-- TC_1_SearchTest -->
  </suite> <!-- SUITE_1 -->
</testng-results>
