<?xml version="1.0" encoding="UTF-8"?>
<testng-results skipped="0" failed="4" ignored="0" total="30" passed="26">
  <reporter-output>
  </reporter-output>
  <suite name="SUITE_1" duration-ms="294241" started-at="2020-10-07T07:20:36Z" finished-at="2020-10-07T07:25:30Z">
    <groups>
    </groups>
    <test name="TC_1_SearchTest" duration-ms="294241" started-at="2020-10-07T07:20:36Z" finished-at="2020-10-07T07:25:30Z">
      <class name="com.google.search.test.SearchTest">
        <test-method status="PASS" signature="setup()[pri:0, instance:com.google.search.test.SearchTest@26275bef]" name="setup" duration-ms="16697" started-at="2020-10-07T07:20:36Z" finished-at="2020-10-07T07:20:53Z">
          <reporter-output>
          </reporter-output>
        </test-method> <!-- setup -->
        <test-method status="PASS" signature="search()[pri:0, instance:com.google.search.test.SearchTest@26275bef]" name="search" duration-ms="7046" started-at="2020-10-07T07:20:53Z" finished-at="2020-10-07T07:21:00Z">
          <reporter-output>
          </reporter-output>
        </test-method> <!-- search -->
        <test-method status="FAIL" signature="clickElementSearched()[pri:0, instance:com.google.search.test.SearchTest@26275bef]" name="clickElementSearched" duration-ms="7556" started-at="2020-10-07T07:21:00Z" finished-at="2020-10-07T07:21:07Z">
          <exception class="java.lang.AssertionError">
            <message>
              <![CDATA[First element  The Name of the Wind - Patrick Rothfuss expected [The Name of the Wind - Wikipedia] but found [The Name of the Wind - Patrick Rothfuss]]]>
            </message>
            <full-stacktrace>
              <![CDATA[java.lang.AssertionError: First element  The Name of the Wind - Patrick Rothfuss expected [The Name of the Wind - Wikipedia] but found [The Name of the Wind - Patrick Rothfuss]
at org.testng.Assert.fail(Assert.java:96)
at org.testng.Assert.failNotEquals(Assert.java:776)
at org.testng.Assert.assertEqualsImpl(Assert.java:137)
at org.testng.Assert.assertEquals(Assert.java:118)
at org.testng.Assert.assertEquals(Assert.java:453)
at com.google.search.test.SearchTest.clickElementSearched(SearchTest.java:93)
at sun.reflect.NativeMethodAccessorImpl.invoke0(Native Method)
at sun.reflect.NativeMethodAccessorImpl.invoke(NativeMethodAccessorImpl.java:62)
at sun.reflect.DelegatingMethodAccessorImpl.invoke(DelegatingMethodAccessorImpl.java:43)
at java.lang.reflect.Method.invoke(Method.java:498)
at org.testng.internal.MethodInvocationHelper.invokeMethod(MethodInvocationHelper.java:124)
at org.testng.internal.Invoker.invokeMethod(Invoker.java:583)
at org.testng.internal.Invoker.invokeTestMethod(Invoker.java:719)
at org.testng.internal.Invoker.invokeTestMethods(Invoker.java:989)
at org.testng.internal.TestMethodWorker.invokeTestMethods(TestMethodWorker.java:125)
at org.testng.internal.TestMethodWorker.run(TestMethodWorker.java:109)
at org.testng.TestRunner.privateRun(TestRunner.java:648)
at org.testng.TestRunner.run(TestRunner.java:505)
at org.testng.SuiteRunner.runTest(SuiteRunner.java:455)
at org.testng.SuiteRunner.runSequentially(SuiteRunner.java:450)
at org.testng.SuiteRunner.privateRun(SuiteRunner.java:415)
at org.testng.SuiteRunner.run(SuiteRunner.java:364)
at org.testng.SuiteRunnerWorker.runSuite(SuiteRunnerWorker.java:52)
at org.testng.SuiteRunnerWorker.run(SuiteRunnerWorker.java:84)
at org.testng.TestNG.runSuitesSequentially(TestNG.java:1208)
at org.testng.TestNG.runSuitesLocally(TestNG.java:1137)
at org.testng.TestNG.runSuites(TestNG.java:1049)
at org.testng.TestNG.run(TestNG.java:1017)
at org.testng.remote.AbstractRemoteTestNG.run(AbstractRemoteTestNG.java:115)
at org.testng.remote.RemoteTestNG.initAndRun(RemoteTestNG.java:251)
at org.testng.remote.RemoteTestNG.main(RemoteTestNG.java:77)
]]>
            </full-stacktrace>
          </exception> <!-- java.lang.AssertionError -->
          <reporter-output>
          </reporter-output>
        </test-method> <!-- clickElementSearched -->
        <test-method status="PASS" signature="clickAuthor()[pri:0, instance:com.google.search.test.SearchTest@26275bef]" name="clickAuthor" duration-ms="15158" started-at="2020-10-07T07:21:07Z" finished-at="2020-10-07T07:21:23Z">
          <reporter-output>
          </reporter-output>
        </test-method> <!-- clickAuthor -->
        <test-method status="PASS" signature="stopAllDrivers()[pri:0, instance:com.google.search.test.SearchTest@26275bef]" name="stopAllDrivers" duration-ms="1048" started-at="2020-10-07T07:21:23Z" finished-at="2020-10-07T07:21:24Z">
          <reporter-output>
          </reporter-output>
        </test-method> <!-- stopAllDrivers -->
        <test-method status="PASS" signature="setup()[pri:0, instance:com.google.search.test.SearchTest@2e222612]" name="setup" duration-ms="9492" started-at="2020-10-07T07:21:24Z" finished-at="2020-10-07T07:21:33Z">
          <reporter-output>
          </reporter-output>
        </test-method> <!-- setup -->
        <test-method status="PASS" signature="search()[pri:0, instance:com.google.search.test.SearchTest@2e222612]" name="search" duration-ms="2635" started-at="2020-10-07T07:21:33Z" finished-at="2020-10-07T07:21:36Z">
          <reporter-output>
          </reporter-output>
        </test-method> <!-- search -->
        <test-method status="FAIL" signature="clickElementSearched()[pri:0, instance:com.google.search.test.SearchTest@2e222612]" name="clickElementSearched" duration-ms="30324" started-at="2020-10-07T07:21:36Z" finished-at="2020-10-07T07:22:06Z">
          <exception class="java.lang.AssertionError">
            <message>
              <![CDATA[First element  The Name of the Wind - Wikipedia expected [] but found [The Name of the Wind - Wikipedia]]]>
            </message>
            <full-stacktrace>
              <![CDATA[java.lang.AssertionError: First element  The Name of the Wind - Wikipedia expected [] but found [The Name of the Wind - Wikipedia]
at org.testng.Assert.fail(Assert.java:96)
at org.testng.Assert.failNotEquals(Assert.java:776)
at org.testng.Assert.assertEqualsImpl(Assert.java:137)
at org.testng.Assert.assertEquals(Assert.java:118)
at org.testng.Assert.assertEquals(Assert.java:453)
at com.google.search.test.SearchTest.clickElementSearched(SearchTest.java:93)
at sun.reflect.NativeMethodAccessorImpl.invoke0(Native Method)
at sun.reflect.NativeMethodAccessorImpl.invoke(NativeMethodAccessorImpl.java:62)
at sun.reflect.DelegatingMethodAccessorImpl.invoke(DelegatingMethodAccessorImpl.java:43)
at java.lang.reflect.Method.invoke(Method.java:498)
at org.testng.internal.MethodInvocationHelper.invokeMethod(MethodInvocationHelper.java:124)
at org.testng.internal.Invoker.invokeMethod(Invoker.java:583)
at org.testng.internal.Invoker.invokeTestMethod(Invoker.java:719)
at org.testng.internal.Invoker.invokeTestMethods(Invoker.java:989)
at org.testng.internal.TestMethodWorker.invokeTestMethods(TestMethodWorker.java:125)
at org.testng.internal.TestMethodWorker.run(TestMethodWorker.java:109)
at org.testng.TestRunner.privateRun(TestRunner.java:648)
at org.testng.TestRunner.run(TestRunner.java:505)
at org.testng.SuiteRunner.runTest(SuiteRunner.java:455)
at org.testng.SuiteRunner.runSequentially(SuiteRunner.java:450)
at org.testng.SuiteRunner.privateRun(SuiteRunner.java:415)
at org.testng.SuiteRunner.run(SuiteRunner.java:364)
at org.testng.SuiteRunnerWorker.runSuite(SuiteRunnerWorker.java:52)
at org.testng.SuiteRunnerWorker.run(SuiteRunnerWorker.java:84)
at org.testng.TestNG.runSuitesSequentially(TestNG.java:1208)
at org.testng.TestNG.runSuitesLocally(TestNG.java:1137)
at org.testng.TestNG.runSuites(TestNG.java:1049)
at org.testng.TestNG.run(TestNG.java:1017)
at org.testng.remote.AbstractRemoteTestNG.run(AbstractRemoteTestNG.java:115)
at org.testng.remote.RemoteTestNG.initAndRun(RemoteTestNG.java:251)
at org.testng.remote.RemoteTestNG.main(RemoteTestNG.java:77)
]]>
            </full-stacktrace>
          </exception> <!-- java.lang.AssertionError -->
          <reporter-output>
          </reporter-output>
        </test-method> <!-- clickElementSearched -->
        <test-method status="PASS" signature="clickAuthor()[pri:0, instance:com.google.search.test.SearchTest@2e222612]" name="clickAuthor" duration-ms="15705" started-at="2020-10-07T07:22:06Z" finished-at="2020-10-07T07:22:22Z">
          <reporter-output>
          </reporter-output>
        </test-method> <!-- clickAuthor -->
        <test-method status="PASS" signature="stopAllDrivers()[pri:0, instance:com.google.search.test.SearchTest@2e222612]" name="stopAllDrivers" duration-ms="893" started-at="2020-10-07T07:22:22Z" finished-at="2020-10-07T07:22:23Z">
          <reporter-output>
          </reporter-output>
        </test-method> <!-- stopAllDrivers -->
        <test-method status="PASS" signature="setup()[pri:0, instance:com.google.search.test.SearchTest@3246fb96]" name="setup" duration-ms="8784" started-at="2020-10-07T07:22:23Z" finished-at="2020-10-07T07:22:32Z">
          <reporter-output>
          </reporter-output>
        </test-method> <!-- setup -->
        <test-method status="PASS" signature="search()[pri:0, instance:com.google.search.test.SearchTest@3246fb96]" name="search" duration-ms="33343" started-at="2020-10-07T07:22:32Z" finished-at="2020-10-07T07:23:05Z">
          <reporter-output>
          </reporter-output>
        </test-method> <!-- search -->
        <test-method status="FAIL" signature="clickElementSearched()[pri:0, instance:com.google.search.test.SearchTest@3246fb96]" name="clickElementSearched" duration-ms="30903" started-at="2020-10-07T07:23:05Z" finished-at="2020-10-07T07:23:36Z">
          <exception class="java.lang.AssertionError">
            <message>
              <![CDATA[First element  The Name of the Wind - Wikipedia expected [] but found [The Name of the Wind - Wikipedia]]]>
            </message>
            <full-stacktrace>
              <![CDATA[java.lang.AssertionError: First element  The Name of the Wind - Wikipedia expected [] but found [The Name of the Wind - Wikipedia]
at org.testng.Assert.fail(Assert.java:96)
at org.testng.Assert.failNotEquals(Assert.java:776)
at org.testng.Assert.assertEqualsImpl(Assert.java:137)
at org.testng.Assert.assertEquals(Assert.java:118)
at org.testng.Assert.assertEquals(Assert.java:453)
at com.google.search.test.SearchTest.clickElementSearched(SearchTest.java:93)
at sun.reflect.NativeMethodAccessorImpl.invoke0(Native Method)
at sun.reflect.NativeMethodAccessorImpl.invoke(NativeMethodAccessorImpl.java:62)
at sun.reflect.DelegatingMethodAccessorImpl.invoke(DelegatingMethodAccessorImpl.java:43)
at java.lang.reflect.Method.invoke(Method.java:498)
at org.testng.internal.MethodInvocationHelper.invokeMethod(MethodInvocationHelper.java:124)
at org.testng.internal.Invoker.invokeMethod(Invoker.java:583)
at org.testng.internal.Invoker.invokeTestMethod(Invoker.java:719)
at org.testng.internal.Invoker.invokeTestMethods(Invoker.java:989)
at org.testng.internal.TestMethodWorker.invokeTestMethods(TestMethodWorker.java:125)
at org.testng.internal.TestMethodWorker.run(TestMethodWorker.java:109)
at org.testng.TestRunner.privateRun(TestRunner.java:648)
at org.testng.TestRunner.run(TestRunner.java:505)
at org.testng.SuiteRunner.runTest(SuiteRunner.java:455)
at org.testng.SuiteRunner.runSequentially(SuiteRunner.java:450)
at org.testng.SuiteRunner.privateRun(SuiteRunner.java:415)
at org.testng.SuiteRunner.run(SuiteRunner.java:364)
at org.testng.SuiteRunnerWorker.runSuite(SuiteRunnerWorker.java:52)
at org.testng.SuiteRunnerWorker.run(SuiteRunnerWorker.java:84)
at org.testng.TestNG.runSuitesSequentially(TestNG.java:1208)
at org.testng.TestNG.runSuitesLocally(TestNG.java:1137)
at org.testng.TestNG.runSuites(TestNG.java:1049)
at org.testng.TestNG.run(TestNG.java:1017)
at org.testng.remote.AbstractRemoteTestNG.run(AbstractRemoteTestNG.java:115)
at org.testng.remote.RemoteTestNG.initAndRun(RemoteTestNG.java:251)
at org.testng.remote.RemoteTestNG.main(RemoteTestNG.java:77)
]]>
            </full-stacktrace>
          </exception> <!-- java.lang.AssertionError -->
          <reporter-output>
          </reporter-output>
        </test-method> <!-- clickElementSearched -->
        <test-method status="PASS" signature="clickAuthor()[pri:0, instance:com.google.search.test.SearchTest@3246fb96]" name="clickAuthor" duration-ms="15551" started-at="2020-10-07T07:23:36Z" finished-at="2020-10-07T07:23:51Z">
          <reporter-output>
          </reporter-output>
        </test-method> <!-- clickAuthor -->
        <test-method status="PASS" signature="stopAllDrivers()[pri:0, instance:com.google.search.test.SearchTest@3246fb96]" name="stopAllDrivers" duration-ms="1020" started-at="2020-10-07T07:23:51Z" finished-at="2020-10-07T07:23:52Z">
          <reporter-output>
          </reporter-output>
        </test-method> <!-- stopAllDrivers -->
        <test-method status="PASS" signature="setup()[pri:0, instance:com.google.search.test.SearchTest@4d910fd6]" name="setup" duration-ms="9159" started-at="2020-10-07T07:23:52Z" finished-at="2020-10-07T07:24:02Z">
          <reporter-output>
          </reporter-output>
        </test-method> <!-- setup -->
        <test-method status="PASS" signature="search()[pri:0, instance:com.google.search.test.SearchTest@4d910fd6]" name="search" duration-ms="1936" started-at="2020-10-07T07:24:02Z" finished-at="2020-10-07T07:24:03Z">
          <reporter-output>
          </reporter-output>
        </test-method> <!-- search -->
        <test-method status="FAIL" signature="clickElementSearched()[pri:0, instance:com.google.search.test.SearchTest@4d910fd6]" name="clickElementSearched" duration-ms="4056" started-at="2020-10-07T07:24:03Z" finished-at="2020-10-07T07:24:08Z">
          <exception class="java.lang.AssertionError">
            <message>
              <![CDATA[First element  The Name of the Wind - Patrick Rothfuss expected [The Name of the Wind - Wikipedia] but found [The Name of the Wind - Patrick Rothfuss]]]>
            </message>
            <full-stacktrace>
              <![CDATA[java.lang.AssertionError: First element  The Name of the Wind - Patrick Rothfuss expected [The Name of the Wind - Wikipedia] but found [The Name of the Wind - Patrick Rothfuss]
at org.testng.Assert.fail(Assert.java:96)
at org.testng.Assert.failNotEquals(Assert.java:776)
at org.testng.Assert.assertEqualsImpl(Assert.java:137)
at org.testng.Assert.assertEquals(Assert.java:118)
at org.testng.Assert.assertEquals(Assert.java:453)
at com.google.search.test.SearchTest.clickElementSearched(SearchTest.java:93)
at sun.reflect.NativeMethodAccessorImpl.invoke0(Native Method)
at sun.reflect.NativeMethodAccessorImpl.invoke(NativeMethodAccessorImpl.java:62)
at sun.reflect.DelegatingMethodAccessorImpl.invoke(DelegatingMethodAccessorImpl.java:43)
at java.lang.reflect.Method.invoke(Method.java:498)
at org.testng.internal.MethodInvocationHelper.invokeMethod(MethodInvocationHelper.java:124)
at org.testng.internal.Invoker.invokeMethod(Invoker.java:583)
at org.testng.internal.Invoker.invokeTestMethod(Invoker.java:719)
at org.testng.internal.Invoker.invokeTestMethods(Invoker.java:989)
at org.testng.internal.TestMethodWorker.invokeTestMethods(TestMethodWorker.java:125)
at org.testng.internal.TestMethodWorker.run(TestMethodWorker.java:109)
at org.testng.TestRunner.privateRun(TestRunner.java:648)
at org.testng.TestRunner.run(TestRunner.java:505)
at org.testng.SuiteRunner.runTest(SuiteRunner.java:455)
at org.testng.SuiteRunner.runSequentially(SuiteRunner.java:450)
at org.testng.SuiteRunner.privateRun(SuiteRunner.java:415)
at org.testng.SuiteRunner.run(SuiteRunner.java:364)
at org.testng.SuiteRunnerWorker.runSuite(SuiteRunnerWorker.java:52)
at org.testng.SuiteRunnerWorker.run(SuiteRunnerWorker.java:84)
at org.testng.TestNG.runSuitesSequentially(TestNG.java:1208)
at org.testng.TestNG.runSuitesLocally(TestNG.java:1137)
at org.testng.TestNG.runSuites(TestNG.java:1049)
at org.testng.TestNG.run(TestNG.java:1017)
at org.testng.remote.AbstractRemoteTestNG.run(AbstractRemoteTestNG.java:115)
at org.testng.remote.RemoteTestNG.initAndRun(RemoteTestNG.java:251)
at org.testng.remote.RemoteTestNG.main(RemoteTestNG.java:77)
]]>
            </full-stacktrace>
          </exception> <!-- java.lang.AssertionError -->
          <reporter-output>
          </reporter-output>
        </test-method> <!-- clickElementSearched -->
        <test-method status="PASS" signature="clickAuthor()[pri:0, instance:com.google.search.test.SearchTest@4d910fd6]" name="clickAuthor" duration-ms="15576" started-at="2020-10-07T07:24:08Z" finished-at="2020-10-07T07:24:23Z">
          <reporter-output>
          </reporter-output>
        </test-method> <!-- clickAuthor -->
        <test-method status="PASS" signature="stopAllDrivers()[pri:0, instance:com.google.search.test.SearchTest@4d910fd6]" name="stopAllDrivers" duration-ms="1091" started-at="2020-10-07T07:24:23Z" finished-at="2020-10-07T07:24:24Z">
          <reporter-output>
          </reporter-output>
        </test-method> <!-- stopAllDrivers -->
        <test-method status="PASS" signature="setup()[pri:0, instance:com.google.search.test.SearchTest@7690781]" name="setup" duration-ms="8827" started-at="2020-10-07T07:24:24Z" finished-at="2020-10-07T07:24:33Z">
          <reporter-output>
          </reporter-output>
        </test-method> <!-- setup -->
        <test-method status="PASS" signature="search()[pri:0, instance:com.google.search.test.SearchTest@7690781]" name="search" duration-ms="2018" started-at="2020-10-07T07:24:33Z" finished-at="2020-10-07T07:24:35Z">
          <reporter-output>
          </reporter-output>
        </test-method> <!-- search -->
        <test-method status="PASS" signature="clickElementSearched()[pri:0, instance:com.google.search.test.SearchTest@7690781]" name="clickElementSearched" duration-ms="2647" started-at="2020-10-07T07:24:35Z" finished-at="2020-10-07T07:24:38Z">
          <reporter-output>
          </reporter-output>
        </test-method> <!-- clickElementSearched -->
        <test-method status="PASS" signature="clickAuthor()[pri:0, instance:com.google.search.test.SearchTest@7690781]" name="clickAuthor" duration-ms="15619" started-at="2020-10-07T07:24:38Z" finished-at="2020-10-07T07:24:53Z">
          <reporter-output>
          </reporter-output>
        </test-method> <!-- clickAuthor -->
        <test-method status="PASS" signature="stopAllDrivers()[pri:0, instance:com.google.search.test.SearchTest@7690781]" name="stopAllDrivers" duration-ms="1230" started-at="2020-10-07T07:24:53Z" finished-at="2020-10-07T07:24:55Z">
          <reporter-output>
          </reporter-output>
        </test-method> <!-- stopAllDrivers -->
        <test-method status="PASS" signature="setup()[pri:0, instance:com.google.search.test.SearchTest@77eca502]" name="setup" duration-ms="9374" started-at="2020-10-07T07:24:55Z" finished-at="2020-10-07T07:25:04Z">
          <reporter-output>
          </reporter-output>
        </test-method> <!-- setup -->
        <test-method status="PASS" signature="search()[pri:0, instance:com.google.search.test.SearchTest@77eca502]" name="search" duration-ms="4063" started-at="2020-10-07T07:25:04Z" finished-at="2020-10-07T07:25:08Z">
          <reporter-output>
          </reporter-output>
        </test-method> <!-- search -->
        <test-method status="PASS" signature="clickElementSearched()[pri:0, instance:com.google.search.test.SearchTest@77eca502]" name="clickElementSearched" duration-ms="4379" started-at="2020-10-07T07:25:08Z" finished-at="2020-10-07T07:25:12Z">
          <reporter-output>
          </reporter-output>
        </test-method> <!-- clickElementSearched -->
        <test-method status="PASS" signature="clickAuthor()[pri:0, instance:com.google.search.test.SearchTest@77eca502]" name="clickAuthor" duration-ms="15791" started-at="2020-10-07T07:25:12Z" finished-at="2020-10-07T07:25:28Z">
          <reporter-output>
          </reporter-output>
        </test-method> <!-- clickAuthor -->
        <test-method status="PASS" signature="stopAllDrivers()[pri:0, instance:com.google.search.test.SearchTest@77eca502]" name="stopAllDrivers" duration-ms="2171" started-at="2020-10-07T07:25:28Z" finished-at="2020-10-07T07:25:30Z">
          <reporter-output>
          </reporter-output>
        </test-method> <!-- stopAllDrivers -->
      </class> <!-- com.google.search.test.SearchTest -->
    </test> <!-- TC_1_SearchTest -->
  </suite> <!-- SUITE_1 -->
</testng-results>
