<?xml version="1.0" encoding="UTF-8"?>
<!-- Generated by org.testng.reporters.JUnitReportReporter -->
<testsuite skipped="0" hostname="GSQAPC-181" name="com.google.search.test.SearchTest" tests="30" failures="4" timestamp="07 oct 2020 07:25:30 GMT" time="294.092" errors="0">
  <testcase name="clickAuthor" time="15.576" classname="com.google.search.test.SearchTest"/>
  <testcase name="stopAllDrivers" time="0.893" classname="com.google.search.test.SearchTest"/>
  <testcase name="search" time="2.018" classname="com.google.search.test.SearchTest"/>
  <testcase name="stopAllDrivers" time="1.091" classname="com.google.search.test.SearchTest"/>
  <testcase name="stopAllDrivers" time="2.171" classname="com.google.search.test.SearchTest"/>
  <testcase name="setup" time="9.374" classname="com.google.search.test.SearchTest"/>
  <testcase name="stopAllDrivers" time="1.048" classname="com.google.search.test.SearchTest"/>
  <testcase name="clickAuthor" time="15.551" classname="com.google.search.test.SearchTest"/>
  <testcase name="clickElementSearched" time="2.647" classname="com.google.search.test.SearchTest"/>
  <testcase name="clickElementSearched" time="7.556" classname="com.google.search.test.SearchTest">
    <failure type="java.lang.AssertionError" message="First element  The Name of the Wind - Patrick Rothfuss expected [The Name of the Wind - Wikipedia] but found [The Name of the Wind - Patrick Rothfuss]">
      <![CDATA[java.lang.AssertionError: First element  The Name of the Wind - Patrick Rothfuss expected [The Name of the Wind - Wikipedia] but found [The Name of the Wind - Patrick Rothfuss]
at org.testng.Assert.fail(Assert.java:96)
at org.testng.Assert.failNotEquals(Assert.java:776)
at org.testng.Assert.assertEqualsImpl(Assert.java:137)
at org.testng.Assert.assertEquals(Assert.java:118)
at org.testng.Assert.assertEquals(Assert.java:453)
at com.google.search.test.SearchTest.clickElementSearched(SearchTest.java:93)
at sun.reflect.NativeMethodAccessorImpl.invoke0(Native Method)
at sun.reflect.NativeMethodAccessorImpl.invoke(NativeMethodAccessorImpl.java:62)
at sun.reflect.DelegatingMethodAccessorImpl.invoke(DelegatingMethodAccessorImpl.java:43)
at java.lang.reflect.Method.invoke(Method.java:498)
at org.testng.internal.MethodInvocationHelper.invokeMethod(MethodInvocationHelper.java:124)
at org.testng.internal.Invoker.invokeMethod(Invoker.java:583)
at org.testng.internal.Invoker.invokeTestMethod(Invoker.java:719)
at org.testng.internal.Invoker.invokeTestMethods(Invoker.java:989)
at org.testng.internal.TestMethodWorker.invokeTestMethods(TestMethodWorker.java:125)
at org.testng.internal.TestMethodWorker.run(TestMethodWorker.java:109)
at org.testng.TestRunner.privateRun(TestRunner.java:648)
at org.testng.TestRunner.run(TestRunner.java:505)
at org.testng.SuiteRunner.runTest(SuiteRunner.java:455)
at org.testng.SuiteRunner.runSequentially(SuiteRunner.java:450)
at org.testng.SuiteRunner.privateRun(SuiteRunner.java:415)
at org.testng.SuiteRunner.run(SuiteRunner.java:364)
at org.testng.SuiteRunnerWorker.runSuite(SuiteRunnerWorker.java:52)
at org.testng.SuiteRunnerWorker.run(SuiteRunnerWorker.java:84)
at org.testng.TestNG.runSuitesSequentially(TestNG.java:1208)
at org.testng.TestNG.runSuitesLocally(TestNG.java:1137)
at org.testng.TestNG.runSuites(TestNG.java:1049)
at org.testng.TestNG.run(TestNG.java:1017)
at org.testng.remote.AbstractRemoteTestNG.run(AbstractRemoteTestNG.java:115)
at org.testng.remote.RemoteTestNG.initAndRun(RemoteTestNG.java:251)
at org.testng.remote.RemoteTestNG.main(RemoteTestNG.java:77)
]]>
    </failure>
  </testcase> <!-- clickElementSearched -->
  <testcase name="clickAuthor" time="15.705" classname="com.google.search.test.SearchTest"/>
  <testcase name="stopAllDrivers" time="1.230" classname="com.google.search.test.SearchTest"/>
  <testcase name="setup" time="8.827" classname="com.google.search.test.SearchTest"/>
  <testcase name="stopAllDrivers" time="1.020" classname="com.google.search.test.SearchTest"/>
  <testcase name="clickElementSearched" time="30.324" classname="com.google.search.test.SearchTest">
    <failure type="java.lang.AssertionError" message="First element  The Name of the Wind - Wikipedia expected [] but found [The Name of the Wind - Wikipedia]">
      <![CDATA[java.lang.AssertionError: First element  The Name of the Wind - Wikipedia expected [] but found [The Name of the Wind - Wikipedia]
at org.testng.Assert.fail(Assert.java:96)
at org.testng.Assert.failNotEquals(Assert.java:776)
at org.testng.Assert.assertEqualsImpl(Assert.java:137)
at org.testng.Assert.assertEquals(Assert.java:118)
at org.testng.Assert.assertEquals(Assert.java:453)
at com.google.search.test.SearchTest.clickElementSearched(SearchTest.java:93)
at sun.reflect.NativeMethodAccessorImpl.invoke0(Native Method)
at sun.reflect.NativeMethodAccessorImpl.invoke(NativeMethodAccessorImpl.java:62)
at sun.reflect.DelegatingMethodAccessorImpl.invoke(DelegatingMethodAccessorImpl.java:43)
at java.lang.reflect.Method.invoke(Method.java:498)
at org.testng.internal.MethodInvocationHelper.invokeMethod(MethodInvocationHelper.java:124)
at org.testng.internal.Invoker.invokeMethod(Invoker.java:583)
at org.testng.internal.Invoker.invokeTestMethod(Invoker.java:719)
at org.testng.internal.Invoker.invokeTestMethods(Invoker.java:989)
at org.testng.internal.TestMethodWorker.invokeTestMethods(TestMethodWorker.java:125)
at org.testng.internal.TestMethodWorker.run(TestMethodWorker.java:109)
at org.testng.TestRunner.privateRun(TestRunner.java:648)
at org.testng.TestRunner.run(TestRunner.java:505)
at org.testng.SuiteRunner.runTest(SuiteRunner.java:455)
at org.testng.SuiteRunner.runSequentially(SuiteRunner.java:450)
at org.testng.SuiteRunner.privateRun(SuiteRunner.java:415)
at org.testng.SuiteRunner.run(SuiteRunner.java:364)
at org.testng.SuiteRunnerWorker.runSuite(SuiteRunnerWorker.java:52)
at org.testng.SuiteRunnerWorker.run(SuiteRunnerWorker.java:84)
at org.testng.TestNG.runSuitesSequentially(TestNG.java:1208)
at org.testng.TestNG.runSuitesLocally(TestNG.java:1137)
at org.testng.TestNG.runSuites(TestNG.java:1049)
at org.testng.TestNG.run(TestNG.java:1017)
at org.testng.remote.AbstractRemoteTestNG.run(AbstractRemoteTestNG.java:115)
at org.testng.remote.RemoteTestNG.initAndRun(RemoteTestNG.java:251)
at org.testng.remote.RemoteTestNG.main(RemoteTestNG.java:77)
]]>
    </failure>
  </testcase> <!-- clickElementSearched -->
  <testcase name="clickAuthor" time="15.619" classname="com.google.search.test.SearchTest"/>
  <testcase name="clickElementSearched" time="4.379" classname="com.google.search.test.SearchTest"/>
  <testcase name="clickElementSearched" time="4.056" classname="com.google.search.test.SearchTest">
    <failure type="java.lang.AssertionError" message="First element  The Name of the Wind - Patrick Rothfuss expected [The Name of the Wind - Wikipedia] but found [The Name of the Wind - Patrick Rothfuss]">
      <![CDATA[java.lang.AssertionError: First element  The Name of the Wind - Patrick Rothfuss expected [The Name of the Wind - Wikipedia] but found [The Name of the Wind - Patrick Rothfuss]
at org.testng.Assert.fail(Assert.java:96)
at org.testng.Assert.failNotEquals(Assert.java:776)
at org.testng.Assert.assertEqualsImpl(Assert.java:137)
at org.testng.Assert.assertEquals(Assert.java:118)
at org.testng.Assert.assertEquals(Assert.java:453)
at com.google.search.test.SearchTest.clickElementSearched(SearchTest.java:93)
at sun.reflect.NativeMethodAccessorImpl.invoke0(Native Method)
at sun.reflect.NativeMethodAccessorImpl.invoke(NativeMethodAccessorImpl.java:62)
at sun.reflect.DelegatingMethodAccessorImpl.invoke(DelegatingMethodAccessorImpl.java:43)
at java.lang.reflect.Method.invoke(Method.java:498)
at org.testng.internal.MethodInvocationHelper.invokeMethod(MethodInvocationHelper.java:124)
at org.testng.internal.Invoker.invokeMethod(Invoker.java:583)
at org.testng.internal.Invoker.invokeTestMethod(Invoker.java:719)
at org.testng.internal.Invoker.invokeTestMethods(Invoker.java:989)
at org.testng.internal.TestMethodWorker.invokeTestMethods(TestMethodWorker.java:125)
at org.testng.internal.TestMethodWorker.run(TestMethodWorker.java:109)
at org.testng.TestRunner.privateRun(TestRunner.java:648)
at org.testng.TestRunner.run(TestRunner.java:505)
at org.testng.SuiteRunner.runTest(SuiteRunner.java:455)
at org.testng.SuiteRunner.runSequentially(SuiteRunner.java:450)
at org.testng.SuiteRunner.privateRun(SuiteRunner.java:415)
at org.testng.SuiteRunner.run(SuiteRunner.java:364)
at org.testng.SuiteRunnerWorker.runSuite(SuiteRunnerWorker.java:52)
at org.testng.SuiteRunnerWorker.run(SuiteRunnerWorker.java:84)
at org.testng.TestNG.runSuitesSequentially(TestNG.java:1208)
at org.testng.TestNG.runSuitesLocally(TestNG.java:1137)
at org.testng.TestNG.runSuites(TestNG.java:1049)
at org.testng.TestNG.run(TestNG.java:1017)
at org.testng.remote.AbstractRemoteTestNG.run(AbstractRemoteTestNG.java:115)
at org.testng.remote.RemoteTestNG.initAndRun(RemoteTestNG.java:251)
at org.testng.remote.RemoteTestNG.main(RemoteTestNG.java:77)
]]>
    </failure>
  </testcase> <!-- clickElementSearched -->
  <testcase name="search" time="1.936" classname="com.google.search.test.SearchTest"/>
  <testcase name="setup" time="9.492" classname="com.google.search.test.SearchTest"/>
  <testcase name="setup" time="9.159" classname="com.google.search.test.SearchTest"/>
  <testcase name="clickAuthor" time="15.791" classname="com.google.search.test.SearchTest"/>
  <testcase name="clickElementSearched" time="30.903" classname="com.google.search.test.SearchTest">
    <failure type="java.lang.AssertionError" message="First element  The Name of the Wind - Wikipedia expected [] but found [The Name of the Wind - Wikipedia]">
      <![CDATA[java.lang.AssertionError: First element  The Name of the Wind - Wikipedia expected [] but found [The Name of the Wind - Wikipedia]
at org.testng.Assert.fail(Assert.java:96)
at org.testng.Assert.failNotEquals(Assert.java:776)
at org.testng.Assert.assertEqualsImpl(Assert.java:137)
at org.testng.Assert.assertEquals(Assert.java:118)
at org.testng.Assert.assertEquals(Assert.java:453)
at com.google.search.test.SearchTest.clickElementSearched(SearchTest.java:93)
at sun.reflect.NativeMethodAccessorImpl.invoke0(Native Method)
at sun.reflect.NativeMethodAccessorImpl.invoke(NativeMethodAccessorImpl.java:62)
at sun.reflect.DelegatingMethodAccessorImpl.invoke(DelegatingMethodAccessorImpl.java:43)
at java.lang.reflect.Method.invoke(Method.java:498)
at org.testng.internal.MethodInvocationHelper.invokeMethod(MethodInvocationHelper.java:124)
at org.testng.internal.Invoker.invokeMethod(Invoker.java:583)
at org.testng.internal.Invoker.invokeTestMethod(Invoker.java:719)
at org.testng.internal.Invoker.invokeTestMethods(Invoker.java:989)
at org.testng.internal.TestMethodWorker.invokeTestMethods(TestMethodWorker.java:125)
at org.testng.internal.TestMethodWorker.run(TestMethodWorker.java:109)
at org.testng.TestRunner.privateRun(TestRunner.java:648)
at org.testng.TestRunner.run(TestRunner.java:505)
at org.testng.SuiteRunner.runTest(SuiteRunner.java:455)
at org.testng.SuiteRunner.runSequentially(SuiteRunner.java:450)
at org.testng.SuiteRunner.privateRun(SuiteRunner.java:415)
at org.testng.SuiteRunner.run(SuiteRunner.java:364)
at org.testng.SuiteRunnerWorker.runSuite(SuiteRunnerWorker.java:52)
at org.testng.SuiteRunnerWorker.run(SuiteRunnerWorker.java:84)
at org.testng.TestNG.runSuitesSequentially(TestNG.java:1208)
at org.testng.TestNG.runSuitesLocally(TestNG.java:1137)
at org.testng.TestNG.runSuites(TestNG.java:1049)
at org.testng.TestNG.run(TestNG.java:1017)
at org.testng.remote.AbstractRemoteTestNG.run(AbstractRemoteTestNG.java:115)
at org.testng.remote.RemoteTestNG.initAndRun(RemoteTestNG.java:251)
at org.testng.remote.RemoteTestNG.main(RemoteTestNG.java:77)
]]>
    </failure>
  </testcase> <!-- clickElementSearched -->
  <testcase name="setup" time="8.784" classname="com.google.search.test.SearchTest"/>
  <testcase name="search" time="4.063" classname="com.google.search.test.SearchTest"/>
  <testcase name="search" time="7.046" classname="com.google.search.test.SearchTest"/>
  <testcase name="clickAuthor" time="15.158" classname="com.google.search.test.SearchTest"/>
  <testcase name="setup" time="16.697" classname="com.google.search.test.SearchTest"/>
  <testcase name="search" time="33.343" classname="com.google.search.test.SearchTest"/>
  <testcase name="search" time="2.635" classname="com.google.search.test.SearchTest"/>
</testsuite> <!-- com.google.search.test.SearchTest -->
